  Main.cpp
c:\users\audit\documents\documentos_jd\2018 - 2\algoritmos estructura de base de datos\semanas\4\proyectos\ldenlazadapunteroinicio\ldenlazadapunteroinicio\main.cpp(20): warning C4018: '<': no coinciden signed/unsigned
c:\users\audit\documents\documentos_jd\2018 - 2\algoritmos estructura de base de datos\semanas\4\proyectos\ldenlazadapunteroinicio\ldenlazadapunteroinicio\lista.h(121): warning C4018: '<': no coinciden signed/unsigned
  c:\users\audit\documents\documentos_jd\2018 - 2\algoritmos estructura de base de datos\semanas\4\proyectos\ldenlazadapunteroinicio\ldenlazadapunteroinicio\lista.h(112): note: durante la compilación de la función miembro de plantilla clase de 'void Lista<int,0>::agregaPos(T,uint)'
          with
          [
              T=int
          ]
  c:\users\audit\documents\documentos_jd\2018 - 2\algoritmos estructura de base de datos\semanas\4\proyectos\ldenlazadapunteroinicio\ldenlazadapunteroinicio\main.cpp(14): note: vea la referencia a la creación de instancias de plantilla de función 'void Lista<int,0>::agregaPos(T,uint)' que se está compilando
          with
          [
              T=int
          ]
  c:\users\audit\documents\documentos_jd\2018 - 2\algoritmos estructura de base de datos\semanas\4\proyectos\ldenlazadapunteroinicio\ldenlazadapunteroinicio\main.cpp(9): note: vea la referencia a la creación de instancias de plantilla clase de 'Lista<int,0>' que se está compilando
c:\users\audit\documents\documentos_jd\2018 - 2\algoritmos estructura de base de datos\semanas\4\proyectos\ldenlazadapunteroinicio\ldenlazadapunteroinicio\lista.h(224): warning C4018: '<': no coinciden signed/unsigned
  c:\users\audit\documents\documentos_jd\2018 - 2\algoritmos estructura de base de datos\semanas\4\proyectos\ldenlazadapunteroinicio\ldenlazadapunteroinicio\lista.h(220): note: durante la compilación de la función miembro de plantilla clase de 'T Lista<T,0>::obtenerPos(uint)'
          with
          [
              T=int
          ]
  c:\users\audit\documents\documentos_jd\2018 - 2\algoritmos estructura de base de datos\semanas\4\proyectos\ldenlazadapunteroinicio\ldenlazadapunteroinicio\main.cpp(22): note: vea la referencia a la creación de instancias de plantilla de función 'T Lista<T,0>::obtenerPos(uint)' que se está compilando
          with
          [
              T=int
          ]
  LDEnlazadaPunteroInicio.vcxproj -> C:\Users\AUDIT\Documents\Documentos_JD\2018 - 2\Algoritmos Estructura de base de datos\Semanas\4\Proyectos\LDEnlazadaPunteroInicio\Debug\LDEnlazadaPunteroInicio.exe
